[INFO] Mapping interrupt service routine functions
[INFO] Remapping programmable interrupt controllers
[INFO] Mapping interrupt request functions
[INFO] Setting up interrupt descriptor table
[INFO] Enabling interruptions
[INFO] Total memory is: 0x7FFE0000
[INFO] Kernel page directory is at: 0x400000
[INFO] Heap base is at: 0x822000
[INFO] Setting up first three page tables
[INFO] Identity mapping first megabyte of memory
[INFO] Identity mapping kernel page directory
[INFO] Identity mapping free frames array
[INFO] Identity mapping heap
[INFO] Enabling paging
[INFO] Text module initialized!
[INFO] Number of characters of screen is: 128x48
[INFO] Initializing graphics module...
[INFO] VESA buffer is at: 0x822010
[INFO] Screen size is: 1024x768
[INFO] Size of disk in sectors is: 0x0
[INFO] Kernel initialized
[INFO] Program loaded into 0x3FEBC0
